<?xml version="1.0" encoding="UTF-8"?>
<testng-results skipped="0" failed="0" ignored="0" total="3" passed="3">
  <reporter-output>
  </reporter-output>
  <suite name="Suite" duration-ms="57664" started-at="2020-07-30T05:45:43Z" finished-at="2020-07-30T05:46:40Z">
    <groups>
    </groups>
    <test name="MediwareAutomation" duration-ms="57664" started-at="2020-07-30T05:45:43Z" finished-at="2020-07-30T05:46:40Z">
      <class name="testScenario_LoginScenario.OpuserLoginScenario">
        <test-method status="PASS" signature="MediwaresuccessfullLogin()[pri:0, instance:testScenario_LoginScenario.OpuserLoginScenario@51b7e5df]" name="MediwaresuccessfullLogin" duration-ms="16278" started-at="2020-07-30T05:45:43Z" finished-at="2020-07-30T05:45:59Z">
          <reporter-output>
          </reporter-output>
        </test-method> <!-- MediwaresuccessfullLogin -->
      </class> <!-- testScenario_LoginScenario.OpuserLoginScenario -->
      <class name="testScenario_AppoinmentScenario.AppoinmentScenario">
        <test-method status="PASS" signature="MediwareSucessfullApplicationSelection()[pri:0, instance:testScenario_AppoinmentScenario.AppoinmentScenario@18a70f16]" name="MediwareSucessfullApplicationSelection" duration-ms="20412" started-at="2020-07-30T05:45:59Z" finished-at="2020-07-30T05:46:19Z">
          <reporter-output>
          </reporter-output>
        </test-method> <!-- MediwareSucessfullApplicationSelection -->
      </class> <!-- testScenario_AppoinmentScenario.AppoinmentScenario -->
      <class name="testScenario_SelectpatientScenario.SelectPatientScenario">
        <test-method status="PASS" signature="MediwareSucessfullPatientSearch()[pri:0, instance:testScenario_SelectpatientScenario.SelectPatientScenario@62e136d3]" name="MediwareSucessfullPatientSearch" duration-ms="20940" started-at="2020-07-30T05:46:19Z" finished-at="2020-07-30T05:46:40Z">
          <reporter-output>
          </reporter-output>
        </test-method> <!-- MediwareSucessfullPatientSearch -->
      </class> <!-- testScenario_SelectpatientScenario.SelectPatientScenario -->
    </test> <!-- MediwareAutomation -->
  </suite> <!-- Suite -->
</testng-results>
