<?xml version="1.0" encoding="UTF-8"?>
<!-- Generated by org.testng.reporters.JUnitXMLReporter -->
<testsuite hostname="DESKTOP-BQPVJR4" ignored="0" name="Mediware Test Cases" tests="3" failures="0" timestamp="29 Jul 2020 07:01:24 GMT" time="31.981" errors="0">
  <testcase name="MediwaresuccessfullLogin" time="17.163" classname="testScenarios.LoginScenario"/>
  <testcase name="MediwareSucessfullApplicationSelection" time="13.04" classname="testScenarios.AppoinmentScenario"/>
  <testcase name="MediwareSucessfullPatientSearch" time="1.742" classname="testScenarios.SelectPatientScenario"/>
</testsuite> <!-- Mediware Test Cases -->
