<?xml version="1.0" encoding="UTF-8"?>
<!-- Generated by org.testng.reporters.JUnitXMLReporter -->
<testsuite hostname="DESKTOP-BQPVJR4" ignored="0" name="Mediware Test Cases" tests="3" failures="0" timestamp="2020-07-29T12:19:01 IST" time="18.876" errors="0">
  <testcase name="MediwaresuccessfullLogin" time="11.632" classname="testScenarios.LoginScenario"/>
  <testcase name="MediwareSucessfullApplicationSelection" time="5.937" classname="testScenarios.AppoinmentScenario"/>
  <testcase name="MediwareSucessfullPatientSearch" time="1.247" classname="testScenarios.SelectPatientScenario"/>
</testsuite> <!-- Mediware Test Cases -->
