<?xml version="1.0" encoding="UTF-8"?>
<!-- Generated by org.testng.reporters.JUnitXMLReporter -->
<testsuite hostname="DESKTOP-BQPVJR4" ignored="0" name="MediwareAutomation" tests="3" failures="0" timestamp="30 Jul 2020 05:46:40 GMT" time="57.664" errors="0">
  <testcase name="MediwaresuccessfullLogin" time="16.278" classname="testScenario_LoginScenario.OpuserLoginScenario"/>
  <testcase name="MediwareSucessfullApplicationSelection" time="20.412" classname="testScenario_AppoinmentScenario.AppoinmentScenario"/>
  <testcase name="MediwareSucessfullPatientSearch" time="20.94" classname="testScenario_SelectpatientScenario.SelectPatientScenario"/>
</testsuite> <!-- MediwareAutomation -->
