<?xml version="1.0" encoding="UTF-8"?>
<!-- Generated by org.testng.reporters.JUnitXMLReporter -->
<testsuite hostname="DESKTOP-BQPVJR4" ignored="0" name="MediwareAutomation" tests="3" failures="0" timestamp="2020-07-30T13:20:44 IST" time="64.321" errors="0">
  <testcase name="MediwaresuccessfullLogin" time="21.804" classname="testScenario_LoginScenario.OpuserLoginScenario"/>
  <testcase name="MediwareSucessfullApplicationSelection" time="21.672" classname="testScenario_AppoinmentScenario.AppoinmentScenario"/>
  <testcase name="MediwareSucessfullPatientSearch" time="20.788" classname="testScenario_SelectpatientScenario.SelectPatientScenario"/>
</testsuite> <!-- MediwareAutomation -->
