<?xml version="1.0" encoding="UTF-8"?>
<!-- Generated by org.testng.reporters.JUnitXMLReporter -->
<testsuite hostname="DESKTOP-BQPVJR4" ignored="0" name="MediwareAutomation" tests="3" failures="0" timestamp="2020-08-03T13:00:13 IST" time="58.676" errors="0">
  <testcase name="MediwaresuccessfullLogin" time="15.736" classname="testScenario_LoginScenario.OpuserLoginScenario"/>
  <testcase name="MediwareSucessfullApplicationSelection" time="21.496" classname="testScenario_AppoinmentScenario.AppoinmentScenario"/>
  <testcase name="MediwareSucessfullPatientSearch" time="21.343" classname="testScenario_SelectpatientScenario.SelectPatientScenario"/>
</testsuite> <!-- MediwareAutomation -->
